<?xml version="1.0" encoding="utf-8"?><testsuites><testsuite name="pytest" errors="0" failures="0" skipped="0" tests="15" time="0.449" timestamp="2025-10-02T21:44:23.456677-05:00" hostname="pc1-quispe"><testcase classname="tests.test_carrito" name="test_agregar_producto_nuevo" time="0.118" /><testcase classname="tests.test_carrito" name="test_agregar_producto_existente_incrementa_cantidad" time="0.003" /><testcase classname="tests.test_carrito" name="test_remover_producto" time="0.002" /><testcase classname="tests.test_carrito" name="test_remover_producto_completo" time="0.002" /><testcase classname="tests.test_carrito" name="test_actualizar_cantidad_producto" time="0.004" /><testcase classname="tests.test_carrito" name="test_actualizar_cantidad_a_cero_remueve_producto" time="0.002" /><testcase classname="tests.test_carrito" name="test_calcular_total" time="0.002" /><testcase classname="tests.test_carrito" name="test_aplicar_descuento" time="0.001" /><testcase classname="tests.test_carrito" name="test_aplicar_descuento_limites" time="0.004" /><testcase classname="tests.test_shopping_cart" name="test_add_item" time="0.002" /><testcase classname="tests.test_shopping_cart" name="test_remove_item" time="0.001" /><testcase classname="tests.test_shopping_cart" name="test_calculate_total" time="0.001" /><testcase classname="tests.test_shopping_cart" name="test_apply_discount" time="0.002" /><testcase classname="tests.test_shopping_cart" name="test_process_payment" time="0.004" /><testcase classname="tests.test_shopping_cart" name="test_process_payment_failure" time="0.003" /></testsuite></testsuites>