<?xml version="1.0" encoding="utf-8"?><testsuites><testsuite name="pytest" errors="0" failures="0" skipped="4" tests="45" time="0.713" timestamp="2025-10-03T01:39:43.316066-05:00" hostname="pc1-quispe"><testcase classname="tests.test_carrito" name="test_agregar_producto_nuevo" time="0.100" /><testcase classname="tests.test_carrito" name="test_agregar_producto_existente_incrementa_cantidad" time="0.002" /><testcase classname="tests.test_carrito" name="test_remover_producto" time="0.004" /><testcase classname="tests.test_carrito" name="test_remover_producto_completo" time="0.002" /><testcase classname="tests.test_carrito" name="test_actualizar_cantidad_producto" time="0.002" /><testcase classname="tests.test_carrito" name="test_actualizar_cantidad_a_cero_remueve_producto" time="0.003" /><testcase classname="tests.test_carrito" name="test_calcular_total" time="0.003" /><testcase classname="tests.test_carrito" name="test_aplicar_descuento" time="0.002" /><testcase classname="tests.test_carrito" name="test_aplicar_descuento_limites" time="0.003" /><testcase classname="tests.test_descuentos_parametrizados" name="test_descuento_total[10.0-1-0-10.0]" time="0.004" /><testcase classname="tests.test_descuentos_parametrizados" name="test_descuento_total[10.0-1-1-9.9]" time="0.003" /><testcase classname="tests.test_descuentos_parametrizados" name="test_descuento_total[10.01-1-33.33-6.67]" time="0.007" /><testcase classname="tests.test_descuentos_parametrizados" name="test_descuento_total[100.0-1-50-50.0]" time="0.002" /><testcase classname="tests.test_descuentos_parametrizados" name="test_descuento_total[1.0-1-99.99-0.0]" time="0.005" /><testcase classname="tests.test_descuentos_parametrizados" name="test_descuento_total[50.0-1-100-0.0]" time="0.004" /><testcase classname="tests.test_estabilidad_semillas" name="test_estabilidad_semillas" time="0.012" /><testcase classname="tests.test_idempotencia_cantidades" name="test_actualizacion_idempotente" time="0.002" /><testcase classname="tests.test_invariantes_inventario" name="test_invariante_agregar_remover_y_actualizar" time="0.004" /><testcase classname="tests.test_markers" name="test_smoke_agregar_y_total" time="0.003" /><testcase classname="tests.test_markers" name="test_smoke_pago_exitoso" time="0.002" /><testcase classname="tests.test_markers" name="test_smoke_pago_rechazado" time="0.005" /><testcase classname="tests.test_markers" name="test_regression_descuento_redondeo" time="0.002" /><testcase classname="tests.test_mensajes_error" name="test_mensaje_error_contiene_contexto" time="0.003"><skipped type="pytest.xfail" message="Producto no encontrado en el carrito" /></testcase><testcase classname="tests.test_mre_precision" name="test_mre_precision" time="0.002"><skipped type="pytest.skip" message="Contrato: Reemplazo en vez de acumulación no se corrige en esta versión">/home/jquispe/Escritorio/cursos/CC3S2/Actividad8-CC3S2/Laboratorio3/tests/test_mre_precision.py:4: Contrato: Reemplazo en vez de acumulación no se corrige en esta versión</skipped></testcase><testcase classname="tests.test_pasarela_pago_contratos" name="test_pago_exitoso" time="0.003" /><testcase classname="tests.test_pasarela_pago_contratos" name="test_pago_timeout_sin_reintento_automatico" time="0.004" /><testcase classname="tests.test_pasarela_pago_contratos" name="test_pago_rechazo_definitivo" time="0.002" /><testcase classname="tests.test_precios_frontera" name="test_precios_frontera[0.01]" time="0.002" /><testcase classname="tests.test_precios_frontera" name="test_precios_frontera[0.005]" time="0.002" /><testcase classname="tests.test_precios_frontera" name="test_precios_frontera[0.0049]" time="0.003" /><testcase classname="tests.test_precios_frontera" name="test_precios_frontera[9999999.99]" time="0.002" /><testcase classname="tests.test_precios_frontera" name="test_precios_invalidos[0.0]" time="0.002" /><testcase classname="tests.test_precios_frontera" name="test_precios_invalidos[-1.0]" time="0.002" /><testcase classname="tests.test_redondeo_acumulado" name="test_redondeo_acumulado_vs_final1" time="0.004" /><testcase classname="tests.test_redondeo_acumulado" name="test_redondeo_acumulado_vs_final2" time="0.004" /><testcase classname="tests.test_refactor_suites.TestPrecisionMonetaria" name="test_suma_pequenas_cantidades" time="0.003" /><testcase classname="tests.test_refactor_suites.TestPasarelaPagoContratos" name="test_pago_exitoso" time="0.004" /><testcase classname="tests.test_rgr_precision_rojo" name="test_total_precision_decimal" time="0.002"><skipped type="pytest.xfail" message="Float binario puede introducir error en dinero" /></testcase><testcase classname="tests.test_rgr_precision_verde" name="test_total_precision_decimal_skip" time="0.002"><skipped type="pytest.skip" message="Contrato: precisión binaria no se corrige en esta versión">/home/jquispe/Escritorio/cursos/CC3S2/Actividad8-CC3S2/Laboratorio3/tests/test_rgr_precision_verde.py:4: Contrato: precisión binaria no se corrige en esta versión</skipped></testcase><testcase classname="tests.test_shopping_cart" name="test_add_item" time="0.003" /><testcase classname="tests.test_shopping_cart" name="test_remove_item" time="0.003" /><testcase classname="tests.test_shopping_cart" name="test_calculate_total" time="0.002" /><testcase classname="tests.test_shopping_cart" name="test_apply_discount" time="0.002" /><testcase classname="tests.test_shopping_cart" name="test_process_payment" time="0.003" /><testcase classname="tests.test_shopping_cart" name="test_process_payment_failure" time="0.005" /></testsuite></testsuites>